Using pre-set license
Built from '2020.3/staging' branch; Version is '2020.3.30f1 (1fb1bf06830e) revision 2077119'; Using compiler version '192528614'; Build Type 'Release'
OS: 'Windows 10  (10.0.19044) 64bit Core' Language: 'en' Physical Memory: 16239 MB
BatchMode: 1, IsHumanControllingUs: 0, StartBugReporterOnCrash: 0, Is64bit: 1, IsPro: 0

COMMAND LINE ARGUMENTS:
C:\Program Files\Unity\Hub\Editor\2020.3.30f1\Editor\Unity.exe
-adb2
-batchMode
-noUpm
-name
AssetImportWorker0
-projectPath
C:/Users/jonah/Documents/GitHub/MemeJam/MemeJam
-logFile
Logs/AssetImportWorker0.log
-srvPort
54719
Successfully changed project path to: C:/Users/jonah/Documents/GitHub/MemeJam/MemeJam
C:/Users/jonah/Documents/GitHub/MemeJam/MemeJam
Using Asset Import Pipeline V2.
Refreshing native plugins compatible for Editor in 45.14 ms, found 2 plugins.
Preloading 0 native plugins for Editor in 0.00 ms.
Initialize engine version: 2020.3.30f1 (1fb1bf06830e)
[Subsystems] Discovering subsystems at path C:/Program Files/Unity/Hub/Editor/2020.3.30f1/Editor/Data/Resources/UnitySubsystems
[Subsystems] Discovering subsystems at path C:/Users/jonah/Documents/GitHub/MemeJam/MemeJam/Assets
GfxDevice: creating device client; threaded=0
Direct3D:
    Version:  Direct3D 11.0 [level 11.1]
    Renderer: NVIDIA GeForce GTX 1050 Ti (ID=0x1c8c)
    Vendor:   
    VRAM:     4021 MB
    Driver:   30.0.14.9649
Initialize mono
Mono path[0] = 'C:/Program Files/Unity/Hub/Editor/2020.3.30f1/Editor/Data/Managed'
Mono path[1] = 'C:/Program Files/Unity/Hub/Editor/2020.3.30f1/Editor/Data/MonoBleedingEdge/lib/mono/unityjit'
Mono config path = 'C:/Program Files/Unity/Hub/Editor/2020.3.30f1/Editor/Data/MonoBleedingEdge/etc'
Using monoOptions --debugger-agent=transport=dt_socket,embedding=1,server=y,suspend=n,address=127.0.0.1:56568
Begin MonoManager ReloadAssembly
Registering precompiled unity dll's ...
Register platform support module: C:/Program Files/Unity/Hub/Editor/2020.3.30f1/Editor/Data/PlaybackEngines/WindowsStandaloneSupport/UnityEditor.WindowsStandalone.Extensions.dll
Registered in 0.003180 seconds.
Native extension for WindowsStandalone target not found
Refreshing native plugins compatible for Editor in 37.35 ms, found 2 plugins.
Preloading 0 native plugins for Editor in 0.00 ms.
Mono: successfully reloaded assembly
- Completed reload, in  0.758 seconds
Domain Reload Profiling:
	ReloadAssembly (758ms)
		BeginReloadAssembly (89ms)
			ExecutionOrderSort (0ms)
			DisableScriptedObjects (0ms)
			BackupInstance (0ms)
			ReleaseScriptingObjects (0ms)
			CreateAndSetChildDomain (1ms)
		EndReloadAssembly (573ms)
			LoadAssemblies (85ms)
			RebuildTransferFunctionScriptingTraits (0ms)
			SetupTypeCache (187ms)
			ReleaseScriptCaches (0ms)
			RebuildScriptCaches (36ms)
			SetupLoadedEditorAssemblies (225ms)
				LogAssemblyErrors (0ms)
				InitializePlatformSupportModulesInManaged (6ms)
				SetLoadedEditorAssemblies (0ms)
				RefreshPlugins (37ms)
				BeforeProcessingInitializeOnLoad (21ms)
				ProcessInitializeOnLoadAttributes (106ms)
				ProcessInitializeOnLoadMethodAttributes (54ms)
				AfterProcessingInitializeOnLoad (0ms)
				EditorAssembliesLoaded (0ms)
			ExecutionOrderSort2 (0ms)
			AwakeInstancesAfterBackupRestoration (0ms)
Platform modules already initialized, skipping
Registering precompiled user dll's ...
Registered in 0.006363 seconds.
Begin MonoManager ReloadAssembly
Native extension for WindowsStandalone target not found
Refreshing native plugins compatible for Editor in 0.41 ms, found 2 plugins.
Preloading 0 native plugins for Editor in 0.00 ms.
Mono: successfully reloaded assembly
- Completed reload, in  1.781 seconds
Domain Reload Profiling:
	ReloadAssembly (1782ms)
		BeginReloadAssembly (271ms)
			ExecutionOrderSort (0ms)
			DisableScriptedObjects (6ms)
			BackupInstance (0ms)
			ReleaseScriptingObjects (0ms)
			CreateAndSetChildDomain (30ms)
		EndReloadAssembly (1391ms)
			LoadAssemblies (184ms)
			RebuildTransferFunctionScriptingTraits (0ms)
			SetupTypeCache (504ms)
			ReleaseScriptCaches (0ms)
			RebuildScriptCaches (75ms)
			SetupLoadedEditorAssemblies (495ms)
				LogAssemblyErrors (0ms)
				InitializePlatformSupportModulesInManaged (8ms)
				SetLoadedEditorAssemblies (1ms)
				RefreshPlugins (1ms)
				BeforeProcessingInitializeOnLoad (171ms)
				ProcessInitializeOnLoadAttributes (292ms)
				ProcessInitializeOnLoadMethodAttributes (11ms)
				AfterProcessingInitializeOnLoad (12ms)
				EditorAssembliesLoaded (0ms)
			ExecutionOrderSort2 (0ms)
			AwakeInstancesAfterBackupRestoration (7ms)
Platform modules already initialized, skipping
========================================================================
Worker process is ready to serve import requests
Launched and connected shader compiler UnityShaderCompiler.exe after 0.07 seconds
Refreshing native plugins compatible for Editor in 0.43 ms, found 2 plugins.
Preloading 0 native plugins for Editor in 0.00 ms.
Unloading 1502 Unused Serialized files (Serialized files now loaded: 0)
System memory in use before: 68.9 MB.
System memory in use after: 68.9 MB.

Unloading 16 unused Assets to reduce memory usage. Loaded Objects now: 1937.
Total: 4.379900 ms (FindLiveObjects: 0.141600 ms CreateObjectMapping: 0.080700 ms MarkObjects: 4.029800 ms  DeleteObjects: 0.126200 ms)

AssetImportParameters requested are different than current active one (requested -> active):
  custom:framework-win-MediaFoundation: 216162199b28c13a410421893ffa2e32 -> 
  custom:video-decoder-ogg-theora: a1e56fd34408186e4bbccfd4996cb3dc -> 
  custom:container-muxer-webm: aa71ff27fc2769a1b78a27578f13a17b -> 
  custom:container-demuxer-webm: 4f35f7cbe854078d1ac9338744f61a02 -> 
  custom:container-demuxer-ogg: 62fdf1f143b41e24485cea50d1cbac27 -> 
  custom:video-encoder-webm-vp8: eb34c28f22e8b96e1ab97ce403110664 -> 
  custom:video-codec-MediaFoundation-h265: 746d11721c4dcdbdad8f713fa42b33f4 -> 
  custom:video-decoder-webm-vp8: 9c59270c3fd7afecdb556c50c9e8de78 -> 
  custom:audio-decoder-ogg-vorbis: bf7c407c2cedff20999df2af8eb42d56 -> 
  custom:audio-encoder-webm-vorbis: bf7c407c2cedff20999df2af8eb42d56 -> 
========================================================================
Received Import Request.
  path: Assets/Prefabs/timer.prefab
  artifactKey: Guid(c2afd1fd087fa7149838e1c9e9738014) Importer(815301076,1909f56bfc062723c751e8b465ee728b)
Start importing Assets/Prefabs/timer.prefab using Guid(c2afd1fd087fa7149838e1c9e9738014) Importer(815301076,1909f56bfc062723c751e8b465ee728b)  -> (artifact id: '653aee8704bdaaf96189ed6a84e21ff1') in 0.163329 seconds 
========================================================================
Received Import Request.
  Time since last request: 79.979398 seconds.
  path: Assets/Prefabs/door.prefab
  artifactKey: Guid(6ac9e0f04a816314298f6a5e49751fa5) Importer(815301076,1909f56bfc062723c751e8b465ee728b)
Start importing Assets/Prefabs/door.prefab using Guid(6ac9e0f04a816314298f6a5e49751fa5) Importer(815301076,1909f56bfc062723c751e8b465ee728b)  -> (artifact id: '2d65c54a796acdca1e6b65050a50ebb7') in 0.008888 seconds 
========================================================================
Received Import Request.
  Time since last request: 10.632226 seconds.
  path: Assets/Prefabs/door.prefab
  artifactKey: Guid(6ac9e0f04a816314298f6a5e49751fa5) Importer(815301076,1909f56bfc062723c751e8b465ee728b)
Start importing Assets/Prefabs/door.prefab using Guid(6ac9e0f04a816314298f6a5e49751fa5) Importer(815301076,1909f56bfc062723c751e8b465ee728b)  -> (artifact id: '3c627404f230ba4cc0a96dd0647d8134') in 0.016568 seconds 
========================================================================
Received Import Request.
  Time since last request: 9.414183 seconds.
  path: Assets/Prefabs/door.prefab
  artifactKey: Guid(6ac9e0f04a816314298f6a5e49751fa5) Importer(815301076,1909f56bfc062723c751e8b465ee728b)
Start importing Assets/Prefabs/door.prefab using Guid(6ac9e0f04a816314298f6a5e49751fa5) Importer(815301076,1909f56bfc062723c751e8b465ee728b)  -> (artifact id: '535dcbb2f258c8aa04d6d7b4d25a1f87') in 0.018172 seconds 
========================================================================
Received Import Request.
  Time since last request: 7.445674 seconds.
  path: Assets/Prefabs/door.prefab
  artifactKey: Guid(6ac9e0f04a816314298f6a5e49751fa5) Importer(815301076,1909f56bfc062723c751e8b465ee728b)
Start importing Assets/Prefabs/door.prefab using Guid(6ac9e0f04a816314298f6a5e49751fa5) Importer(815301076,1909f56bfc062723c751e8b465ee728b)  -> (artifact id: '99726e99921c8975ee210e662cd63d41') in 0.015595 seconds 
========================================================================
Received Import Request.
  Time since last request: 2.626545 seconds.
  path: Assets/Prefabs/door.prefab
  artifactKey: Guid(6ac9e0f04a816314298f6a5e49751fa5) Importer(815301076,1909f56bfc062723c751e8b465ee728b)
Start importing Assets/Prefabs/door.prefab using Guid(6ac9e0f04a816314298f6a5e49751fa5) Importer(815301076,1909f56bfc062723c751e8b465ee728b)  -> (artifact id: '470da9b0c89477ea827f61f541306b0b') in 0.016186 seconds 
========================================================================
Received Import Request.
  Time since last request: 15.953300 seconds.
  path: Assets/Prefabs/door.prefab
  artifactKey: Guid(6ac9e0f04a816314298f6a5e49751fa5) Importer(815301076,1909f56bfc062723c751e8b465ee728b)
Start importing Assets/Prefabs/door.prefab using Guid(6ac9e0f04a816314298f6a5e49751fa5) Importer(815301076,1909f56bfc062723c751e8b465ee728b)  -> (artifact id: 'd71a8ed9f9147da76e9e812cf1db0436') in 0.014435 seconds 
========================================================================
Received Import Request.
  Time since last request: 12.409616 seconds.
  path: Assets/Prefabs/door.prefab
  artifactKey: Guid(6ac9e0f04a816314298f6a5e49751fa5) Importer(815301076,1909f56bfc062723c751e8b465ee728b)
Start importing Assets/Prefabs/door.prefab using Guid(6ac9e0f04a816314298f6a5e49751fa5) Importer(815301076,1909f56bfc062723c751e8b465ee728b)  -> (artifact id: '91d36f26eda19701d85fbb8fc5317a3e') in 0.013699 seconds 
========================================================================
Received Import Request.
  Time since last request: 2.191573 seconds.
  path: Assets/Prefabs/door.prefab
  artifactKey: Guid(6ac9e0f04a816314298f6a5e49751fa5) Importer(815301076,1909f56bfc062723c751e8b465ee728b)
Start importing Assets/Prefabs/door.prefab using Guid(6ac9e0f04a816314298f6a5e49751fa5) Importer(815301076,1909f56bfc062723c751e8b465ee728b)  -> (artifact id: 'bc400b90e42a6c8f72b65e0c75455cf6') in 0.014823 seconds 
========================================================================
Received Import Request.
  Time since last request: 3.406557 seconds.
  path: Assets/Prefabs/door.prefab
  artifactKey: Guid(6ac9e0f04a816314298f6a5e49751fa5) Importer(815301076,1909f56bfc062723c751e8b465ee728b)
Start importing Assets/Prefabs/door.prefab using Guid(6ac9e0f04a816314298f6a5e49751fa5) Importer(815301076,1909f56bfc062723c751e8b465ee728b)  -> (artifact id: '600a722df23ab3c3600a5f3d070ea99c') in 0.011855 seconds 
========================================================================
Received Import Request.
  Time since last request: 3.419662 seconds.
  path: Assets/Prefabs/door.prefab
  artifactKey: Guid(6ac9e0f04a816314298f6a5e49751fa5) Importer(815301076,1909f56bfc062723c751e8b465ee728b)
Start importing Assets/Prefabs/door.prefab using Guid(6ac9e0f04a816314298f6a5e49751fa5) Importer(815301076,1909f56bfc062723c751e8b465ee728b)  -> (artifact id: '17abe52ce896a8b844fc97393ac56bf1') in 0.013609 seconds 
========================================================================
Received Import Request.
  Time since last request: 3.607188 seconds.
  path: Assets/Prefabs/door.prefab
  artifactKey: Guid(6ac9e0f04a816314298f6a5e49751fa5) Importer(815301076,1909f56bfc062723c751e8b465ee728b)
Start importing Assets/Prefabs/door.prefab using Guid(6ac9e0f04a816314298f6a5e49751fa5) Importer(815301076,1909f56bfc062723c751e8b465ee728b)  -> (artifact id: 'e0c0173971ad4fff74dac38a90f47761') in 0.012828 seconds 
========================================================================
Received Import Request.
  Time since last request: 3.829966 seconds.
  path: Assets/Prefabs/door.prefab
  artifactKey: Guid(6ac9e0f04a816314298f6a5e49751fa5) Importer(815301076,1909f56bfc062723c751e8b465ee728b)
Start importing Assets/Prefabs/door.prefab using Guid(6ac9e0f04a816314298f6a5e49751fa5) Importer(815301076,1909f56bfc062723c751e8b465ee728b)  -> (artifact id: '427f467c2ab8d9d4efa3f28aab800e2b') in 0.015709 seconds 
========================================================================
Received Import Request.
  Time since last request: 3.215915 seconds.
  path: Assets/Prefabs/door.prefab
  artifactKey: Guid(6ac9e0f04a816314298f6a5e49751fa5) Importer(815301076,1909f56bfc062723c751e8b465ee728b)
Start importing Assets/Prefabs/door.prefab using Guid(6ac9e0f04a816314298f6a5e49751fa5) Importer(815301076,1909f56bfc062723c751e8b465ee728b)  -> (artifact id: 'a3dd7b375fcb276a0ab23d960abb56a3') in 0.015112 seconds 
========================================================================
Received Import Request.
  Time since last request: 2.997275 seconds.
  path: Assets/Prefabs/door.prefab
  artifactKey: Guid(6ac9e0f04a816314298f6a5e49751fa5) Importer(815301076,1909f56bfc062723c751e8b465ee728b)
Start importing Assets/Prefabs/door.prefab using Guid(6ac9e0f04a816314298f6a5e49751fa5) Importer(815301076,1909f56bfc062723c751e8b465ee728b)  -> (artifact id: 'a983a35a8dec1c65e9904babe92b6536') in 0.012157 seconds 
========================================================================
Received Import Request.
  Time since last request: 2.848994 seconds.
  path: Assets/Prefabs/door.prefab
  artifactKey: Guid(6ac9e0f04a816314298f6a5e49751fa5) Importer(815301076,1909f56bfc062723c751e8b465ee728b)
Start importing Assets/Prefabs/door.prefab using Guid(6ac9e0f04a816314298f6a5e49751fa5) Importer(815301076,1909f56bfc062723c751e8b465ee728b)  -> (artifact id: '35fa5fb753806a3754fe5937bcc1515a') in 0.014043 seconds 
========================================================================
Received Import Request.
  Time since last request: 9.653710 seconds.
  path: Assets/Prefabs/door.prefab
  artifactKey: Guid(6ac9e0f04a816314298f6a5e49751fa5) Importer(815301076,1909f56bfc062723c751e8b465ee728b)
Start importing Assets/Prefabs/door.prefab using Guid(6ac9e0f04a816314298f6a5e49751fa5) Importer(815301076,1909f56bfc062723c751e8b465ee728b)  -> (artifact id: 'df97afcd5dd8a9a3abed898804998a5b') in 0.012493 seconds 
========================================================================
Received Import Request.
  Time since last request: 8.879911 seconds.
  path: Assets/Prefabs/door.prefab
  artifactKey: Guid(6ac9e0f04a816314298f6a5e49751fa5) Importer(815301076,1909f56bfc062723c751e8b465ee728b)
Start importing Assets/Prefabs/door.prefab using Guid(6ac9e0f04a816314298f6a5e49751fa5) Importer(815301076,1909f56bfc062723c751e8b465ee728b)  -> (artifact id: '12c62773912e7dcc98540d888e2113ef') in 0.012744 seconds 
========================================================================
Received Import Request.
  Time since last request: 1.395280 seconds.
  path: Assets/Prefabs/door.prefab
  artifactKey: Guid(6ac9e0f04a816314298f6a5e49751fa5) Importer(815301076,1909f56bfc062723c751e8b465ee728b)
Start importing Assets/Prefabs/door.prefab using Guid(6ac9e0f04a816314298f6a5e49751fa5) Importer(815301076,1909f56bfc062723c751e8b465ee728b)  -> (artifact id: '7f8ee9630bd0a26cbfa30769dbbefe81') in 0.010519 seconds 
========================================================================
Received Import Request.
  Time since last request: 5.243099 seconds.
  path: Assets/Prefabs/door.prefab
  artifactKey: Guid(6ac9e0f04a816314298f6a5e49751fa5) Importer(815301076,1909f56bfc062723c751e8b465ee728b)
Start importing Assets/Prefabs/door.prefab using Guid(6ac9e0f04a816314298f6a5e49751fa5) Importer(815301076,1909f56bfc062723c751e8b465ee728b)  -> (artifact id: 'cc6a63318f0900ff1eeb945c7acaaebb') in 0.015215 seconds 
========================================================================
Received Import Request.
  Time since last request: 2.994105 seconds.
  path: Assets/Prefabs/door.prefab
  artifactKey: Guid(6ac9e0f04a816314298f6a5e49751fa5) Importer(815301076,1909f56bfc062723c751e8b465ee728b)
Start importing Assets/Prefabs/door.prefab using Guid(6ac9e0f04a816314298f6a5e49751fa5) Importer(815301076,1909f56bfc062723c751e8b465ee728b)  -> (artifact id: '21cda491343d2df99fc80358ed15123f') in 0.015115 seconds 
========================================================================
Received Import Request.
  Time since last request: 2.419551 seconds.
  path: Assets/Prefabs/door.prefab
  artifactKey: Guid(6ac9e0f04a816314298f6a5e49751fa5) Importer(815301076,1909f56bfc062723c751e8b465ee728b)
Start importing Assets/Prefabs/door.prefab using Guid(6ac9e0f04a816314298f6a5e49751fa5) Importer(815301076,1909f56bfc062723c751e8b465ee728b)  -> (artifact id: '53bafff91eecba2af3b1f0dabff40e9a') in 0.013334 seconds 
========================================================================
Received Import Request.
  Time since last request: 9.079401 seconds.
  path: Assets/Prefabs/door.prefab
  artifactKey: Guid(6ac9e0f04a816314298f6a5e49751fa5) Importer(815301076,1909f56bfc062723c751e8b465ee728b)
Start importing Assets/Prefabs/door.prefab using Guid(6ac9e0f04a816314298f6a5e49751fa5) Importer(815301076,1909f56bfc062723c751e8b465ee728b)  -> (artifact id: 'd3789b69fe19a314bf5101183f469507') in 0.015454 seconds 
========================================================================
Received Import Request.
  Time since last request: 3.830205 seconds.
  path: Assets/Prefabs/door.prefab
  artifactKey: Guid(6ac9e0f04a816314298f6a5e49751fa5) Importer(815301076,1909f56bfc062723c751e8b465ee728b)
Start importing Assets/Prefabs/door.prefab using Guid(6ac9e0f04a816314298f6a5e49751fa5) Importer(815301076,1909f56bfc062723c751e8b465ee728b)  -> (artifact id: '7d192c0b4d302ce1a4dce881dfe31ec1') in 0.012949 seconds 
========================================================================
Received Import Request.
  Time since last request: 6.445198 seconds.
  path: Assets/Prefabs/door.prefab
  artifactKey: Guid(6ac9e0f04a816314298f6a5e49751fa5) Importer(815301076,1909f56bfc062723c751e8b465ee728b)
Start importing Assets/Prefabs/door.prefab using Guid(6ac9e0f04a816314298f6a5e49751fa5) Importer(815301076,1909f56bfc062723c751e8b465ee728b)  -> (artifact id: '747a881f874f057bfb95315c4dee819f') in 0.012830 seconds 
========================================================================
Received Import Request.
  Time since last request: 0.776198 seconds.
  path: Assets/Prefabs/door.prefab
  artifactKey: Guid(6ac9e0f04a816314298f6a5e49751fa5) Importer(815301076,1909f56bfc062723c751e8b465ee728b)
Start importing Assets/Prefabs/door.prefab using Guid(6ac9e0f04a816314298f6a5e49751fa5) Importer(815301076,1909f56bfc062723c751e8b465ee728b)  -> (artifact id: '41685339475abe92d195a6c6d0b584bd') in 0.015482 seconds 
========================================================================
Received Import Request.
  Time since last request: 3.010625 seconds.
  path: Assets/Prefabs/door.prefab
  artifactKey: Guid(6ac9e0f04a816314298f6a5e49751fa5) Importer(815301076,1909f56bfc062723c751e8b465ee728b)
Start importing Assets/Prefabs/door.prefab using Guid(6ac9e0f04a816314298f6a5e49751fa5) Importer(815301076,1909f56bfc062723c751e8b465ee728b)  -> (artifact id: '6af288f45e0a59adf487063ef333da4d') in 0.014221 seconds 
========================================================================
Received Import Request.
  Time since last request: 5.241246 seconds.
  path: Assets/Prefabs/door.prefab
  artifactKey: Guid(6ac9e0f04a816314298f6a5e49751fa5) Importer(815301076,1909f56bfc062723c751e8b465ee728b)
Start importing Assets/Prefabs/door.prefab using Guid(6ac9e0f04a816314298f6a5e49751fa5) Importer(815301076,1909f56bfc062723c751e8b465ee728b)  -> (artifact id: '32d4e11d596c8875eeab38f668602c35') in 0.013584 seconds 
========================================================================
Received Import Request.
  Time since last request: 13.509765 seconds.
  path: Assets/Prefabs/door.prefab
  artifactKey: Guid(6ac9e0f04a816314298f6a5e49751fa5) Importer(815301076,1909f56bfc062723c751e8b465ee728b)
Start importing Assets/Prefabs/door.prefab using Guid(6ac9e0f04a816314298f6a5e49751fa5) Importer(815301076,1909f56bfc062723c751e8b465ee728b)  -> (artifact id: '85a4d433501552e6476c339d58451f06') in 0.013453 seconds 
========================================================================
Received Import Request.
  Time since last request: 5.433498 seconds.
  path: Assets/Prefabs/door.prefab
  artifactKey: Guid(6ac9e0f04a816314298f6a5e49751fa5) Importer(815301076,1909f56bfc062723c751e8b465ee728b)
Start importing Assets/Prefabs/door.prefab using Guid(6ac9e0f04a816314298f6a5e49751fa5) Importer(815301076,1909f56bfc062723c751e8b465ee728b)  -> (artifact id: 'aaf6dd3988a9133f58867eb0cf4aed38') in 0.013262 seconds 
========================================================================
Received Import Request.
  Time since last request: 3.413460 seconds.
  path: Assets/Prefabs/door.prefab
  artifactKey: Guid(6ac9e0f04a816314298f6a5e49751fa5) Importer(815301076,1909f56bfc062723c751e8b465ee728b)
Start importing Assets/Prefabs/door.prefab using Guid(6ac9e0f04a816314298f6a5e49751fa5) Importer(815301076,1909f56bfc062723c751e8b465ee728b)  -> (artifact id: '9e1821545ae4e78ca520adf15c291bb1') in 0.017289 seconds 
========================================================================
Received Import Request.
  Time since last request: 4.012638 seconds.
  path: Assets/Prefabs/door.prefab
  artifactKey: Guid(6ac9e0f04a816314298f6a5e49751fa5) Importer(815301076,1909f56bfc062723c751e8b465ee728b)
Start importing Assets/Prefabs/door.prefab using Guid(6ac9e0f04a816314298f6a5e49751fa5) Importer(815301076,1909f56bfc062723c751e8b465ee728b)  -> (artifact id: '0296adb43918db903d5c7efc381cde1e') in 0.014854 seconds 
========================================================================
Received Import Request.
  Time since last request: 1.525004 seconds.
  path: Assets/Materials/timer_mat.mat
  artifactKey: Guid(5b49750f2d90ddb4fa313b69a3804ed4) Importer(815301076,1909f56bfc062723c751e8b465ee728b)
Start importing Assets/Materials/timer_mat.mat using Guid(5b49750f2d90ddb4fa313b69a3804ed4) Importer(815301076,1909f56bfc062723c751e8b465ee728b)  -> (artifact id: '922a5c18e957fb6f34ce195aaab2531e') in 0.090046 seconds 
========================================================================
Received Import Request.
  Time since last request: 52.095919 seconds.
  path: Assets/Prefabs/door.prefab
  artifactKey: Guid(6ac9e0f04a816314298f6a5e49751fa5) Importer(815301076,1909f56bfc062723c751e8b465ee728b)
Start importing Assets/Prefabs/door.prefab using Guid(6ac9e0f04a816314298f6a5e49751fa5) Importer(815301076,1909f56bfc062723c751e8b465ee728b)  -> (artifact id: 'dc3f1c85b0ae62fde29b638bc7862297') in 0.013450 seconds 
AssetImportWorkerClient::OnTransportError - code=2 error=End of file
